<?xml version="1.0" encoding="UTF-8"?>
<!-- Generated by org.testng.reporters.JUnitReportReporter -->
<testsuite skipped="0" hostname="Horseland" name="com.hrm.qa.testcases.DashboardPageTest" tests="3" failures="0" timestamp="2020-06-06T11:23:41 PDT" time="10.195" errors="0">
  <testcase name="validateUser" time="4.133" classname="com.hrm.qa.testcases.DashboardPageTest"/>
  <system-out/>
  <testcase name="clickAssignLeaveLink" time="3.014" classname="com.hrm.qa.testcases.DashboardPageTest"/>
  <system-out/>
  <testcase name="navigateToHolidaysPage" time="3.048" classname="com.hrm.qa.testcases.DashboardPageTest"/>
  <system-out/>
</testsuite> <!-- com.hrm.qa.testcases.DashboardPageTest -->
