<?xml version="1.0" encoding="UTF-8"?>
<!-- Generated by org.testng.reporters.JUnitReportReporter -->
<testsuite skipped="0" hostname="Horseland" name="com.hrm.qa.testcases.LeaveListPageTest" tests="3" failures="0" timestamp="2020-06-09T11:47:33 PDT" time="15.978" errors="0">
  <testcase name="validateDateFilter" time="6.186" classname="com.hrm.qa.testcases.LeaveListPageTest"/>
  <system-out/>
  <testcase name="verifyEmpNameInResultTable" time="5.391" classname="com.hrm.qa.testcases.LeaveListPageTest"/>
  <system-out/>
  <testcase name="validateScheduledStatus" time="4.401" classname="com.hrm.qa.testcases.LeaveListPageTest"/>
  <system-out/>
</testsuite> <!-- com.hrm.qa.testcases.LeaveListPageTest -->
