<?xml version="1.0" encoding="UTF-8"?>
<!-- Generated by org.testng.reporters.JUnitReportReporter -->
<testsuite skipped="0" hostname="Horseland" name="com.hrm.qa.testcases.AddEmpPageTest" tests="2" failures="0" timestamp="2020-06-16T22:58:54 PDT" time="39.852" errors="0">
  <testcase name="verifyPIMPageUrl" time="3.326" classname="com.hrm.qa.testcases.AddEmpPageTest"/>
  <system-out/>
  <testcase name="createNewUsersFromExcelFile" time="36.526" classname="com.hrm.qa.testcases.AddEmpPageTest"/>
  <system-out/>
</testsuite> <!-- com.hrm.qa.testcases.AddEmpPageTest -->
