<?xml version="1.0" encoding="UTF-8"?>
<!-- Generated by org.testng.reporters.JUnitReportReporter -->
<testsuite skipped="0" hostname="Horseland" name="com.hrm.qa.testcases.AddUserPageTest" tests="1" failures="0" timestamp="2020-06-10T22:46:47 PDT" time="6.117" errors="0">
  <testcase name="verifyAddUserPageurl" time="6.117" classname="com.hrm.qa.testcases.AddUserPageTest"/>
  <system-out/>
</testsuite> <!-- com.hrm.qa.testcases.AddUserPageTest -->
