<?xml version="1.0" encoding="UTF-8"?>
<!-- Generated by org.testng.reporters.JUnitReportReporter -->
<testsuite skipped="0" hostname="Horseland" name="com.hrm.qa.testcases.DeleteEmpCreatedTest" tests="2" failures="0" timestamp="2020-06-16T22:58:54 PDT" time="15.553" errors="0">
  <testcase name="verifyEmpListPageUrl" time="2.110" classname="com.hrm.qa.testcases.DeleteEmpCreatedTest"/>
  <system-out/>
  <testcase name="deleteNewEmpCreated" time="13.443" classname="com.hrm.qa.testcases.DeleteEmpCreatedTest"/>
  <system-out/>
</testsuite> <!-- com.hrm.qa.testcases.DeleteEmpCreatedTest -->
