<?xml version="1.0" encoding="UTF-8"?>
<!-- Generated by org.testng.reporters.JUnitReportReporter -->
<testsuite skipped="0" hostname="Horseland" name="com.hrm.qa.testcases.DashboardPageTest" tests="2" failures="0" timestamp="2020-05-26T23:53:07 PDT" time="19.006" errors="0">
  <testcase name="clickAssignLeaveLink" time="10.575" classname="com.hrm.qa.testcases.DashboardPageTest"/>
  <system-out/>
  <testcase name="validateUser" time="8.431" classname="com.hrm.qa.testcases.DashboardPageTest"/>
  <system-out/>
</testsuite> <!-- com.hrm.qa.testcases.DashboardPageTest -->
