<?xml version="1.0" encoding="UTF-8"?>
<!-- Generated by org.testng.reporters.JUnitReportReporter -->
<testsuite skipped="0" hostname="Horseland" name="com.hrm.qa.testcases.EmpListPageTest" tests="2" failures="0" timestamp="2020-06-16T22:58:54 PDT" time="5.007" errors="0">
  <testcase name="verifyEmpListPageUrl" time="0.918" classname="com.hrm.qa.testcases.EmpListPageTest"/>
  <system-out/>
  <testcase name="verifyEmpNameAddedInResultTable" time="4.089" classname="com.hrm.qa.testcases.EmpListPageTest"/>
  <system-out/>
</testsuite> <!-- com.hrm.qa.testcases.EmpListPageTest -->
