<?xml version="1.0" encoding="UTF-8"?>
<!-- Generated by org.testng.reporters.JUnitReportReporter -->
<testsuite skipped="0" hostname="Horseland" name="com.hrm.qa.testcases.LoginPageTest" tests="3" failures="0" timestamp="2020-06-17T15:25:46 PDT" time="4.727" errors="0">
  <testcase name="validateLoginPageTitle" time="2.378" classname="com.hrm.qa.testcases.LoginPageTest"/>
  <system-out/>
  <testcase name="validateLogo" time="0.133" classname="com.hrm.qa.testcases.LoginPageTest"/>
  <system-out/>
  <testcase name="validLogin" time="2.216" classname="com.hrm.qa.testcases.LoginPageTest"/>
  <system-out/>
</testsuite> <!-- com.hrm.qa.testcases.LoginPageTest -->
