<?xml version="1.0" encoding="UTF-8"?>
<!-- Generated by org.testng.reporters.JUnitReportReporter -->
<testsuite skipped="0" hostname="Horseland" name="com.hrm.qa.testcases.AssignLeavePageTest" tests="1" failures="0" timestamp="2020-06-01T22:14:57 PDT" time="15.439" errors="0">
  <testcase name="assignLeaveToEmp" time="15.439" classname="com.hrm.qa.testcases.AssignLeavePageTest"/>
  <system-out/>
</testsuite> <!-- com.hrm.qa.testcases.AssignLeavePageTest -->
