<?xml version="1.0" encoding="UTF-8"?>
<!-- Generated by org.testng.reporters.JUnitReportReporter -->
<testsuite skipped="0" hostname="Horseland" name="com.hrm.qa.testcases.PIMPageTest" tests="1" failures="0" timestamp="2020-06-11T13:46:25 PDT" time="1.614" errors="0">
  <testcase name="verifyPIMPageUrl" time="1.614" classname="com.hrm.qa.testcases.PIMPageTest"/>
  <system-out/>
</testsuite> <!-- com.hrm.qa.testcases.PIMPageTest -->
