<?xml version="1.0" encoding="UTF-8"?>
<!-- Generated by org.testng.reporters.JUnitReportReporter -->
<testsuite skipped="0" hostname="Horseland" name="com.hrm.qa.testcases.LoginPageTest" tests="3" failures="0" timestamp="2020-05-26T21:43:44 PDT" time="19.933" errors="0">
  <testcase name="validateLoginPageTitle" time="7.360" classname="com.hrm.qa.testcases.LoginPageTest"/>
  <system-out/>
  <testcase name="validateLogo" time="5.167" classname="com.hrm.qa.testcases.LoginPageTest"/>
  <system-out/>
  <testcase name="validLogin" time="7.406" classname="com.hrm.qa.testcases.LoginPageTest"/>
  <system-out/>
</testsuite> <!-- com.hrm.qa.testcases.LoginPageTest -->
