<?xml version="1.0" encoding="UTF-8"?>
<!-- Generated by org.testng.reporters.JUnitReportReporter -->
<testsuite skipped="0" hostname="Horseland" name="com.hrm.qa.testcases.UsersPageTest" tests="1" failures="0" timestamp="2020-06-15T11:01:19 PDT" time="1.917" errors="0">
  <testcase name="verifyGoToUsersPage" time="1.917" classname="com.hrm.qa.testcases.UsersPageTest"/>
  <system-out/>
</testsuite> <!-- com.hrm.qa.testcases.UsersPageTest -->
