<?xml version="1.0" encoding="UTF-8"?>
<!-- Generated by org.testng.reporters.JUnitReportReporter -->
<testsuite skipped="0" hostname="Horseland" name="com.hrm.qa.testcases.LoginPageTest" tests="3" failures="0" timestamp="2020-06-16T22:58:54 PDT" time="3.785" errors="0">
  <testcase name="validateLoginPageTitle" time="1.311" classname="com.hrm.qa.testcases.LoginPageTest"/>
  <system-out/>
  <testcase name="validateLogo" time="0.156" classname="com.hrm.qa.testcases.LoginPageTest"/>
  <system-out/>
  <testcase name="validLogin" time="2.318" classname="com.hrm.qa.testcases.LoginPageTest"/>
  <system-out/>
</testsuite> <!-- com.hrm.qa.testcases.LoginPageTest -->
