<?xml version="1.0" encoding="UTF-8"?>
<!-- Generated by org.testng.reporters.JUnitReportReporter -->
<testsuite skipped="0" hostname="Horseland" name="com.hrm.qa.testcases.DashboardPageTest" tests="7" failures="0" timestamp="2020-06-16T22:58:54 PDT" time="9.016" errors="0">
  <testcase name="validateUser" time="0.356" classname="com.hrm.qa.testcases.DashboardPageTest"/>
  <system-out/>
  <testcase name="verifyAssignLeaveIconPage" time="1.996" classname="com.hrm.qa.testcases.DashboardPageTest"/>
  <system-out/>
  <testcase name="verifyLeaveListIconPage" time="1.104" classname="com.hrm.qa.testcases.DashboardPageTest"/>
  <system-out/>
  <testcase name="verifyEmpListPage" time="1.416" classname="com.hrm.qa.testcases.DashboardPageTest"/>
  <system-out/>
  <testcase name="verifyUsersPage" time="1.868" classname="com.hrm.qa.testcases.DashboardPageTest"/>
  <system-out/>
  <testcase name="verifyLeaveListPage" time="0.890" classname="com.hrm.qa.testcases.DashboardPageTest"/>
  <system-out/>
  <testcase name="verifyHolidaysPage" time="1.386" classname="com.hrm.qa.testcases.DashboardPageTest"/>
  <system-out/>
</testsuite> <!-- com.hrm.qa.testcases.DashboardPageTest -->
