<?xml version="1.0" encoding="UTF-8"?>
<!-- Generated by org.testng.reporters.JUnitReportReporter -->
<testsuite skipped="0" hostname="Horseland" name="com.hrm.qa.testcases.AddEmpPageTest" tests="2" failures="0" timestamp="2020-06-17T15:08:52 PDT" time="41.283" errors="0">
  <testcase name="verifyPIMPageUrl" time="3.544" classname="com.hrm.qa.testcases.AddEmpPageTest"/>
  <system-out/>
  <testcase name="createNewUsersFromExcelFile" time="37.739" classname="com.hrm.qa.testcases.AddEmpPageTest"/>
  <system-out/>
</testsuite> <!-- com.hrm.qa.testcases.AddEmpPageTest -->
