<?xml version="1.0" encoding="UTF-8"?>
<!-- Generated by org.testng.reporters.JUnitReportReporter -->
<testsuite skipped="0" hostname="Horseland" name="com.hrm.qa.testcases.SmokeTestSuite" tests="10" failures="1" timestamp="2020-06-14T15:55:48 PDT" time="113.676" errors="0">
  <testcase name="createNewUsers" time="34.439" classname="com.hrm.qa.testcases.SmokeTestSuite"/>
  <system-out/>
  <testcase name="assignLeave" time="54.645" classname="com.hrm.qa.testcases.SmokeTestSuite"/>
  <system-out/>
  <testcase name="verifyDateFiltersInLeaveListPage" time="3.345" classname="com.hrm.qa.testcases.SmokeTestSuite"/>
  <system-out/>
  <testcase name="verifyEmpNameFilterInLeaveListPage" time="5.034" classname="com.hrm.qa.testcases.SmokeTestSuite">
    <failure type="java.lang.AssertionError" message="expected [Shru Thi] but found [Smri Thi]">
      <![CDATA[java.lang.AssertionError: expected [Shru Thi] but found [Smri Thi]
at org.testng.Assert.fail(Assert.java:97)
at org.testng.Assert.assertEqualsImpl(Assert.java:136)
at org.testng.Assert.assertEquals(Assert.java:118)
at org.testng.Assert.assertEquals(Assert.java:575)
at org.testng.Assert.assertEquals(Assert.java:585)
at com.hrm.qa.pages.LeaveListPage.resultTableNameCol(LeaveListPage.java:137)
at com.hrm.qa.testcases.SmokeTestSuite.verifyEmpNameFilterInLeaveListPage(SmokeTestSuite.java:87)
at sun.reflect.NativeMethodAccessorImpl.invoke0(Native Method)
at sun.reflect.NativeMethodAccessorImpl.invoke(Unknown Source)
at sun.reflect.DelegatingMethodAccessorImpl.invoke(Unknown Source)
at java.lang.reflect.Method.invoke(Unknown Source)
at org.testng.internal.MethodInvocationHelper.invokeMethod(MethodInvocationHelper.java:134)
at org.testng.internal.TestInvoker.invokeMethod(TestInvoker.java:597)
at org.testng.internal.TestInvoker.invokeTestMethod(TestInvoker.java:173)
at org.testng.internal.MethodRunner.runInSequence(MethodRunner.java:46)
at org.testng.internal.TestInvoker$MethodInvocationAgent.invoke(TestInvoker.java:816)
at org.testng.internal.TestInvoker.invokeTestMethods(TestInvoker.java:146)
at org.testng.internal.TestMethodWorker.invokeTestMethods(TestMethodWorker.java:146)
at org.testng.internal.TestMethodWorker.run(TestMethodWorker.java:128)
at java.util.ArrayList.forEach(Unknown Source)
at org.testng.TestRunner.privateRun(TestRunner.java:766)
at org.testng.TestRunner.run(TestRunner.java:587)
at org.testng.SuiteRunner.runTest(SuiteRunner.java:384)
at org.testng.SuiteRunner.runSequentially(SuiteRunner.java:378)
at org.testng.SuiteRunner.privateRun(SuiteRunner.java:337)
at org.testng.SuiteRunner.run(SuiteRunner.java:286)
at org.testng.SuiteRunnerWorker.runSuite(SuiteRunnerWorker.java:53)
at org.testng.SuiteRunnerWorker.run(SuiteRunnerWorker.java:96)
at org.testng.TestNG.runSuitesSequentially(TestNG.java:1187)
at org.testng.TestNG.runSuitesLocally(TestNG.java:1109)
at org.testng.TestNG.runSuites(TestNG.java:1039)
at org.testng.TestNG.run(TestNG.java:1007)
at org.testng.remote.AbstractRemoteTestNG.run(AbstractRemoteTestNG.java:115)
at org.testng.remote.RemoteTestNG.initAndRun(RemoteTestNG.java:251)
at org.testng.remote.RemoteTestNG.main(RemoteTestNG.java:77)
]]>
    </failure>
  </testcase> <!-- verifyEmpNameFilterInLeaveListPage -->
  <system-out/>
  <testcase name="valiadatePendingStatus" time="2.020" classname="com.hrm.qa.testcases.SmokeTestSuite"/>
  <system-out/>
  <testcase name="validateScheduledStatus" time="1.873" classname="com.hrm.qa.testcases.SmokeTestSuite"/>
  <system-out/>
  <testcase name="valiadateTakenStatus" time="1.931" classname="com.hrm.qa.testcases.SmokeTestSuite"/>
  <system-out/>
  <testcase name="valiadateAllStatus" time="1.989" classname="com.hrm.qa.testcases.SmokeTestSuite"/>
  <system-out/>
  <testcase name="verifyCancelLeave" time="6.755" classname="com.hrm.qa.testcases.SmokeTestSuite"/>
  <system-out/>
  <testcase name="validateCancelStatus" time="1.645" classname="com.hrm.qa.testcases.SmokeTestSuite"/>
  <system-out/>
</testsuite> <!-- com.hrm.qa.testcases.SmokeTestSuite -->
