<?xml version="1.0" encoding="UTF-8"?>
<!-- Generated by org.testng.reporters.JUnitReportReporter -->
<testsuite skipped="0" hostname="Horseland" name="com.hrm.qa.testcases.DashboardPageTest" tests="1" failures="0" timestamp="2020-06-04T14:15:14 PDT" time="14.160" errors="0">
  <testcase name="navigateToHolidaysPage" time="14.160" classname="com.hrm.qa.testcases.DashboardPageTest"/>
  <system-out/>
</testsuite> <!-- com.hrm.qa.testcases.DashboardPageTest -->
