<?xml version="1.0" encoding="UTF-8"?>
<!-- Generated by org.testng.reporters.JUnitReportReporter -->
<testsuite skipped="0" hostname="Horseland" name="com.hrm.qa.testcases.ConfigureNewHolidaysTest" tests="1" failures="0" timestamp="2020-06-05T11:44:45 PDT" time="17.888" errors="0">
  <testcase name="verifyCreateNewHolidayInTable" time="17.888" classname="com.hrm.qa.testcases.ConfigureNewHolidaysTest"/>
  <system-out/>
</testsuite> <!-- com.hrm.qa.testcases.ConfigureNewHolidaysTest -->
