<?xml version="1.0" encoding="UTF-8"?>
<!-- Generated by org.testng.reporters.JUnitReportReporter -->
<testsuite skipped="0" hostname="Horseland" name="com.hrm.qa.testcases.UsersPageTest" tests="1" failures="0" timestamp="2020-06-10T19:35:02 PDT" time="6.001" errors="0">
  <testcase name="verifyGoToUsersPage" time="6.001" classname="com.hrm.qa.testcases.UsersPageTest"/>
  <system-out/>
</testsuite> <!-- com.hrm.qa.testcases.UsersPageTest -->
