<?xml version="1.0" encoding="UTF-8"?>
<!-- Generated by org.testng.reporters.JUnitReportReporter -->
<testsuite skipped="0" hostname="Horseland" name="com.hrm.qa.testcases.HolidaysPageTest" tests="1" failures="0" timestamp="2020-06-17T18:13:56 PDT" time="17.857" errors="0">
  <testcase name="verifyDeleteHoliday" time="17.857" classname="com.hrm.qa.testcases.HolidaysPageTest"/>
  <system-out/>
</testsuite> <!-- com.hrm.qa.testcases.HolidaysPageTest -->
