<?xml version="1.0" encoding="UTF-8"?>
<!-- Generated by org.testng.reporters.JUnitReportReporter -->
<testsuite skipped="0" hostname="Horseland" name="com.hrm.qa.testcases.DeleteEmpCreatedTest" tests="2" failures="0" timestamp="2020-06-17T15:08:52 PDT" time="14.093" errors="0">
  <testcase name="verifyEmpListPageUrl" time="0.901" classname="com.hrm.qa.testcases.DeleteEmpCreatedTest"/>
  <system-out/>
  <testcase name="deleteNewEmpCreated" time="13.192" classname="com.hrm.qa.testcases.DeleteEmpCreatedTest"/>
  <system-out/>
</testsuite> <!-- com.hrm.qa.testcases.DeleteEmpCreatedTest -->
