<?xml version="1.0" encoding="UTF-8"?>
<!-- Generated by org.testng.reporters.JUnitReportReporter -->
<testsuite skipped="0" hostname="Horseland" name="com.hrm.qa.testcases.AssignLeavePageTest" tests="1" failures="0" timestamp="2020-06-09T11:03:03 PDT" time="7.857" errors="0">
  <testcase name="assignLeaveToEmp" time="7.857" classname="com.hrm.qa.testcases.AssignLeavePageTest"/>
  <system-out/>
</testsuite> <!-- com.hrm.qa.testcases.AssignLeavePageTest -->
