<?xml version="1.0" encoding="UTF-8"?>
<!-- Generated by org.testng.reporters.JUnitReportReporter -->
<testsuite skipped="0" hostname="Horseland" name="com.hrm.qa.testcases.ConfigureNewHolidaysTest" tests="2" failures="0" timestamp="2020-06-17T15:27:09 PDT" time="12.899" errors="0">
  <testcase name="verifyCreateNewHolidayInTable" time="8.148" classname="com.hrm.qa.testcases.ConfigureNewHolidaysTest"/>
  <system-out/>
  <testcase name="verifyEditHoiliday" time="4.751" classname="com.hrm.qa.testcases.ConfigureNewHolidaysTest"/>
  <system-out/>
</testsuite> <!-- com.hrm.qa.testcases.ConfigureNewHolidaysTest -->
