<?xml version="1.0" encoding="UTF-8"?>
<!-- Generated by org.testng.reporters.JUnitReportReporter -->
<testsuite skipped="0" hostname="Horseland" name="com.hrm.qa.testcases.HolidaysPageTest" tests="1" failures="0" timestamp="2020-06-17T15:27:09 PDT" time="12.701" errors="0">
  <testcase name="verifyResultsTablePerFilterDates" time="12.701" classname="com.hrm.qa.testcases.HolidaysPageTest"/>
  <system-out/>
</testsuite> <!-- com.hrm.qa.testcases.HolidaysPageTest -->
