<?xml version="1.0" encoding="UTF-8"?>
<!-- Generated by org.testng.reporters.JUnitReportReporter -->
<testsuite skipped="0" hostname="Horseland" name="com.hrm.qa.testcases.DashboardPageTest" tests="7" failures="0" timestamp="2020-06-17T15:25:46 PDT" time="8.950" errors="0">
  <testcase name="validateUser" time="0.466" classname="com.hrm.qa.testcases.DashboardPageTest"/>
  <system-out/>
  <testcase name="verifyAssignLeaveIconPage" time="1.920" classname="com.hrm.qa.testcases.DashboardPageTest"/>
  <system-out/>
  <testcase name="verifyLeaveListIconPage" time="1.278" classname="com.hrm.qa.testcases.DashboardPageTest"/>
  <system-out/>
  <testcase name="verifyEmpListPage" time="1.361" classname="com.hrm.qa.testcases.DashboardPageTest"/>
  <system-out/>
  <testcase name="verifyUsersPage" time="1.504" classname="com.hrm.qa.testcases.DashboardPageTest"/>
  <system-out/>
  <testcase name="verifyLeaveListPage" time="1.012" classname="com.hrm.qa.testcases.DashboardPageTest"/>
  <system-out/>
  <testcase name="verifyHolidaysPage" time="1.409" classname="com.hrm.qa.testcases.DashboardPageTest"/>
  <system-out/>
</testsuite> <!-- com.hrm.qa.testcases.DashboardPageTest -->
