<?xml version="1.0" encoding="UTF-8"?>
<!-- Generated by org.testng.reporters.JUnitReportReporter -->
<testsuite skipped="0" hostname="Horseland" name="com.hrm.qa.testcases.LeaveListPageTest" tests="8" failures="0" timestamp="2020-06-17T15:08:52 PDT" time="40.931" errors="0">
  <testcase name="validateDateFilter" time="4.751" classname="com.hrm.qa.testcases.LeaveListPageTest"/>
  <system-out/>
  <testcase name="verifyEmpNameInResultTable" time="5.943" classname="com.hrm.qa.testcases.LeaveListPageTest"/>
  <system-out/>
  <testcase name="valiadatePendingStatus" time="4.853" classname="com.hrm.qa.testcases.LeaveListPageTest"/>
  <system-out/>
  <testcase name="validateScheduledStatus" time="4.029" classname="com.hrm.qa.testcases.LeaveListPageTest"/>
  <system-out/>
  <testcase name="valiadateTakenStatus" time="4.552" classname="com.hrm.qa.testcases.LeaveListPageTest"/>
  <system-out/>
  <testcase name="valiadateAllStatus" time="4.104" classname="com.hrm.qa.testcases.LeaveListPageTest"/>
  <system-out/>
  <testcase name="verifyCancelOneLeave" time="8.937" classname="com.hrm.qa.testcases.LeaveListPageTest"/>
  <system-out/>
  <testcase name="validateCancelStatus" time="3.762" classname="com.hrm.qa.testcases.LeaveListPageTest"/>
  <system-out/>
</testsuite> <!-- com.hrm.qa.testcases.LeaveListPageTest -->
