<?xml version="1.0" encoding="UTF-8"?>
<!-- Generated by org.testng.reporters.JUnitReportReporter -->
<testsuite skipped="0" hostname="Horseland" name="com.hrm.qa.testcases.ConfigureNewHolidaysTest" tests="3" failures="0" timestamp="2020-06-17T18:34:49 PDT" time="37.030" errors="0">
  <testcase name="verifyCreateNewHolidayInTable" time="8.917" classname="com.hrm.qa.testcases.ConfigureNewHolidaysTest"/>
  <system-out/>
  <testcase name="verifyEditHoiliday" time="4.851" classname="com.hrm.qa.testcases.ConfigureNewHolidaysTest"/>
  <system-out/>
  <testcase name="verifyDeleteHolidayCreated" time="23.262" classname="com.hrm.qa.testcases.ConfigureNewHolidaysTest"/>
  <system-out/>
</testsuite> <!-- com.hrm.qa.testcases.ConfigureNewHolidaysTest -->
