<?xml version="1.0" encoding="UTF-8"?>
<!-- Generated by org.testng.reporters.JUnitReportReporter -->
<testsuite skipped="0" hostname="Horseland" name="com.hrm.qa.testcases.LeaveListPageTest" tests="1" failures="0" timestamp="2020-06-02T11:37:41 PDT" time="14.419" errors="0">
  <testcase name="chooseDateFromCalender" time="14.419" classname="com.hrm.qa.testcases.LeaveListPageTest"/>
  <system-out/>
</testsuite> <!-- com.hrm.qa.testcases.LeaveListPageTest -->
