<?xml version="1.0" encoding="UTF-8"?>
<!-- Generated by org.testng.reporters.JUnitReportReporter -->
<testsuite skipped="0" hostname="Horseland" name="com.hrm.qa.testcases.AddUserPageTest" tests="2" failures="0" timestamp="2020-06-11T12:10:00 PDT" time="4.560" errors="0">
  <testcase name="enterAllInputFields" time="2.347" classname="com.hrm.qa.testcases.AddUserPageTest"/>
  <system-out/>
  <testcase name="verifyAddUserPageurl" time="2.213" classname="com.hrm.qa.testcases.AddUserPageTest"/>
  <system-out/>
</testsuite> <!-- com.hrm.qa.testcases.AddUserPageTest -->
