<?xml version="1.0" encoding="UTF-8"?>
<!-- Generated by org.testng.reporters.JUnitReportReporter -->
<testsuite skipped="0" hostname="Horseland" name="com.hrm.qa.testcases.LeaveListPageTest" tests="8" failures="0" timestamp="2020-06-16T22:58:54 PDT" time="39.552" errors="0">
  <testcase name="validateDateFilter" time="5.150" classname="com.hrm.qa.testcases.LeaveListPageTest"/>
  <system-out/>
  <testcase name="verifyEmpNameInResultTable" time="5.506" classname="com.hrm.qa.testcases.LeaveListPageTest"/>
  <system-out/>
  <testcase name="valiadatePendingStatus" time="3.899" classname="com.hrm.qa.testcases.LeaveListPageTest"/>
  <system-out/>
  <testcase name="validateScheduledStatus" time="4.048" classname="com.hrm.qa.testcases.LeaveListPageTest"/>
  <system-out/>
  <testcase name="valiadateTakenStatus" time="4.334" classname="com.hrm.qa.testcases.LeaveListPageTest"/>
  <system-out/>
  <testcase name="valiadateAllStatus" time="4.232" classname="com.hrm.qa.testcases.LeaveListPageTest"/>
  <system-out/>
  <testcase name="verifyCancelOneLeave" time="8.530" classname="com.hrm.qa.testcases.LeaveListPageTest"/>
  <system-out/>
  <testcase name="validateCancelStatus" time="3.853" classname="com.hrm.qa.testcases.LeaveListPageTest"/>
  <system-out/>
</testsuite> <!-- com.hrm.qa.testcases.LeaveListPageTest -->
