<?xml version="1.0" encoding="UTF-8"?>
<!-- Generated by org.testng.reporters.JUnitReportReporter -->
<testsuite skipped="0" hostname="Horseland" name="com.hrm.qa.testcases.LeaveListPageTest" tests="1" failures="0" timestamp="2020-05-28T15:25:54 PDT" time="21.331" errors="0">
  <testcase name="enterEmpDetails" time="21.331" classname="com.hrm.qa.testcases.LeaveListPageTest"/>
  <system-out/>
</testsuite> <!-- com.hrm.qa.testcases.LeaveListPageTest -->
