<?xml version="1.0" encoding="UTF-8"?>
<!-- Generated by org.testng.reporters.JUnitReportReporter -->
<testsuite skipped="0" hostname="Horseland" name="com.hrm.qa.testcases.AssignLeavePageTest" tests="1" failures="0" timestamp="2020-05-28T15:05:12 PDT" time="16.059" errors="0">
  <testcase name="assignLeaveToEmp" time="16.059" classname="com.hrm.qa.testcases.AssignLeavePageTest"/>
  <system-out/>
</testsuite> <!-- com.hrm.qa.testcases.AssignLeavePageTest -->
