<?xml version="1.0" encoding="UTF-8"?>
<!-- Generated by org.testng.reporters.JUnitReportReporter -->
<testsuite skipped="0" hostname="Horseland" name="com.hrm.qa.testcases.addEmpPageTest" tests="2" failures="0" timestamp="2020-06-13T08:31:20 PDT" time="41.762" errors="0">
  <testcase name="verifyPIMPageUrl" time="4.061" classname="com.hrm.qa.testcases.addEmpPageTest"/>
  <system-out/>
  <testcase name="createNewUsersFromExcelFile" time="37.701" classname="com.hrm.qa.testcases.addEmpPageTest"/>
  <system-out/>
</testsuite> <!-- com.hrm.qa.testcases.addEmpPageTest -->
