<?xml version="1.0" encoding="UTF-8"?>
<!-- Generated by org.testng.reporters.JUnitReportReporter -->
<testsuite skipped="0" hostname="Horseland" name="com.hrm.qa.testcases.AssignLeavePageTest" tests="3" failures="0" timestamp="2020-06-16T22:58:54 PDT" time="64.243" errors="0">
  <testcase name="assignLeaveToEmpFromExcelFile" time="54.704" classname="com.hrm.qa.testcases.AssignLeavePageTest"/>
  <system-out/>
  <testcase name="verifyAssignHalfDayLeave" time="2.807" classname="com.hrm.qa.testcases.AssignLeavePageTest"/>
  <system-out/>
  <testcase name="verifyAssignSpecificTimeLeave" time="6.732" classname="com.hrm.qa.testcases.AssignLeavePageTest"/>
  <system-out/>
</testsuite> <!-- com.hrm.qa.testcases.AssignLeavePageTest -->
